2022-02-02T13:48:08.381+0800	INFO	heartbeat/heartbeat.go:89	health daemon startup
2022-02-02T14:00:47.627+0800	INFO	heartbeat/heartbeat.go:89	health daemon startup
2022-02-02T14:02:18.729+0800	INFO	heartbeat/heartbeat.go:89	health daemon startup
2022-02-02T14:06:03.645+0800	INFO	heartbeat/heartbeat.go:89	health daemon startup
2022-02-02T14:46:32.895+0800	INFO	heartbeat/heartbeat.go:89	health daemon startup
2022-02-02T14:47:46.985+0800	INFO	heartbeat/heartbeat.go:89	health daemon startup
2022-02-02T14:49:47.247+0800	INFO	heartbeat/heartbeat.go:89	health daemon startup
2022-02-02T15:03:18.190+0800	INFO	heartbeat/heartbeat.go:89	health daemon startup
2022-02-02T16:27:45.942+0800	INFO	heartbeat/heartbeat.go:89	health daemon startup
2022-02-02T17:53:21.710+0800	INFO	heartbeat/heartbeat.go:89	health daemon startup
2022-02-02T17:53:48.668+0800	INFO	heartbeat/heartbeat.go:89	health daemon startup
2022-02-02T18:03:18.782+0800	INFO	heartbeat/heartbeat.go:89	health daemon startup
2022-02-02T18:06:44.080+0800	INFO	heartbeat/heartbeat.go:89	health daemon startup
2022-02-03T00:33:50.770+0800	INFO	heartbeat/heartbeat.go:89	health daemon startup
2022-02-03T00:34:02.727+0800	INFO	heartbeat/heartbeat.go:89	health daemon startup
2022-02-03T01:16:40.565+0800	INFO	heartbeat/heartbeat.go:89	health daemon startup
2022-02-03T01:21:50.490+0800	INFO	heartbeat/heartbeat.go:89	health daemon startup
2022-02-03T01:43:18.109+0800	INFO	heartbeat/heartbeat.go:89	health daemon startup
2022-02-03T01:44:25.040+0800	INFO	heartbeat/heartbeat.go:89	health daemon startup
2022-02-03T01:46:47.911+0800	INFO	heartbeat/heartbeat.go:89	health daemon startup
2022-02-05T00:13:47.314+0800	INFO	heartbeat/heartbeat.go:89	health daemon startup
2022-02-05T00:14:14.147+0800	INFO	heartbeat/heartbeat.go:89	health daemon startup
2022-02-05T00:15:19.517+0800	INFO	heartbeat/heartbeat.go:89	health daemon startup
2022-02-05T00:25:57.822+0800	INFO	heartbeat/heartbeat.go:89	health daemon startup
2022-02-05T15:41:46.464+0800	INFO	heartbeat/heartbeat.go:89	health daemon startup
2022-02-05T15:41:46.499+0800	INFO	plugin/plugin.go:107	cmd start	{"plugin": "collector", "pver": "1.0.0", "psign": "3899dec243d4f4db760d19224055c07a3037d6cbfa6ece9591a437e97831be3f"}
2022-02-06T18:03:44.127+0800	INFO	heartbeat/heartbeat.go:14	health daemon startup
2022-02-06T18:03:44.165+0800	INFO	plugin/plugin.go:107	cmd start	{"plugin": "collector", "pver": "1.0.0", "psign": "87080a4665b8446b64596b9935f7ba5673f459d39e4e9dfa6874baa7a8875fe3"}
2022-02-06T18:03:44.176+0800	INFO	plugin/plugin_linux.go:68	plugin has been loaded
2022-02-07T21:21:13.056+0800	INFO	heartbeat/heartbeat.go:14	health daemon startup
2022-02-07T21:21:13.094+0800	INFO	plugin/plugin.go:107	cmd start	{"plugin": "collector", "pver": "1.0.0", "psign": "cb9bf22e0f751087e27f6e64794a9e02c685f0725fd479f74010503d6253e9f5"}
2022-02-07T21:21:13.102+0800	INFO	plugin/plugin_linux.go:68	plugin has been loaded
2022-02-09T06:34:48.011+0800	ERROR	plugin/plugin.go:188	exit the receive task:EOF	{"plugin": "collector", "pver": "1.0.0", "psign": "cb9bf22e0f751087e27f6e64794a9e02c685f0725fd479f74010503d6253e9f5"}
2022-02-11T16:38:09.578+0800	INFO	heartbeat/heartbeat.go:14	health daemon startup
2022-02-11T16:38:09.619+0800	INFO	plugin/plugin.go:107	cmd start	{"plugin": "collector", "pver": "1.0.0", "psign": "2cc1450f048f7eb14d005df0a27675cdc4fa87430de61a6e9e05ef31a9bc6740"}
2022-02-11T16:38:09.620+0800	INFO	plugin/plugin_linux.go:68	plugin has been loaded
2022-02-11T16:38:10.843+0800	ERROR	plugin/plugin.go:188	exit the receive task:EOF	{"plugin": "collector", "pver": "1.0.0", "psign": "2cc1450f048f7eb14d005df0a27675cdc4fa87430de61a6e9e05ef31a9bc6740"}
2022-02-11T16:40:21.758+0800	INFO	heartbeat/heartbeat.go:14	health daemon startup
2022-02-11T16:40:21.793+0800	INFO	plugin/plugin.go:107	cmd start	{"plugin": "collector", "pver": "1.0.0", "psign": "d37b5a3ce103d6ffcbc2a9b63709d230af7411cd26f81b743840979bd09f97f8"}
2022-02-11T16:40:21.794+0800	INFO	plugin/plugin_linux.go:68	plugin has been loaded
2022-02-11T16:49:49.116+0800	INFO	heartbeat/heartbeat.go:14	health daemon startup
2022-02-11T16:49:49.156+0800	INFO	plugin/plugin.go:107	cmd start	{"plugin": "collector", "pver": "1.0.0", "psign": "03cac89d5f443533d76f6fba4702c89b5fdafb32ec96a4ce77d794df93f0c961"}
2022-02-11T16:49:49.161+0800	INFO	plugin/plugin_linux.go:68	plugin has been loaded
2022-02-11T16:49:50.214+0800	ERROR	plugin/plugin.go:188	exit the receive task:read |0: file already closed	{"plugin": "collector", "pver": "1.0.0", "psign": "03cac89d5f443533d76f6fba4702c89b5fdafb32ec96a4ce77d794df93f0c961"}
2022-02-11T17:33:19.438+0800	INFO	heartbeat/heartbeat.go:14	health daemon startup
2022-02-11T17:33:19.479+0800	INFO	plugin/plugin.go:107	cmd start	{"plugin": "collector", "pver": "1.0.0", "psign": "4e47d55002c585985a60cc51fe0e62622c065276dfd3db310733b957569d1466"}
2022-02-11T17:33:19.486+0800	INFO	plugin/plugin_linux.go:68	plugin has been loaded
2022-02-20T01:38:22.869+0800	INFO	heartbeat/heartbeat.go:14	health daemon startup
2022-02-20T01:38:23.324+0800	WARN	plugin/plugin.go:85	check signature failed	{"plugin": "collector", "pver": "1.0.0", "psign": "4e47d55002c585985a60cc51fe0e62622c065276dfd3db310733b957569d1466"}
2022-02-20T01:38:23.324+0800	INFO	plugin/plugin.go:86	start download	{"plugin": "collector", "pver": "1.0.0", "psign": "4e47d55002c585985a60cc51fe0e62622c065276dfd3db310733b957569d1466"}
2022-02-20T01:38:23.371+0800	ERROR	plugin/plugin.go:89	download failed:signature doesn't match	{"plugin": "collector", "pver": "1.0.0", "psign": "4e47d55002c585985a60cc51fe0e62622c065276dfd3db310733b957569d1466"}
2022-02-20T01:38:23.371+0800	ERROR	plugin/plugin_linux.go:66	signature doesn't match
2022-02-20T01:40:52.278+0800	INFO	heartbeat/heartbeat.go:14	health daemon startup
2022-02-20T01:40:52.313+0800	INFO	plugin/plugin.go:107	cmd start	{"plugin": "collector", "pver": "1.0.0", "psign": "b20917568cd7cf262927c52ec0a6891d7efb4279fe9142a4ebed939ff0477c81"}
2022-02-20T01:40:52.313+0800	INFO	plugin/plugin_linux.go:68	plugin has been loaded
2022-02-20T11:23:21.371+0800	INFO	heartbeat/heartbeat.go:14	health daemon startup
2022-02-20T11:23:21.409+0800	INFO	plugin/plugin.go:107	cmd start	{"plugin": "collector", "pver": "1.0.0", "psign": "f89e32f8da92134bc9c7759621f5f4f7301b7789762bc6787e26a003cdc741c9"}
2022-02-20T11:23:21.410+0800	INFO	plugin/plugin_linux.go:68	plugin has been loaded
2022-02-20T11:26:33.887+0800	INFO	heartbeat/heartbeat.go:14	health daemon startup
2022-02-20T11:26:33.948+0800	INFO	plugin/plugin.go:107	cmd start	{"plugin": "collector", "pver": "1.0.0", "psign": "f89e32f8da92134bc9c7759621f5f4f7301b7789762bc6787e26a003cdc741c9"}
2022-02-20T11:26:33.949+0800	INFO	plugin/plugin_linux.go:68	plugin has been loaded
2022-02-20T11:30:26.096+0800	INFO	heartbeat/heartbeat.go:14	health daemon startup
2022-02-20T11:30:26.134+0800	INFO	plugin/plugin.go:107	cmd start	{"plugin": "collector", "pver": "1.0.0", "psign": "a775baf0f71e92093c82bfac3d552f405660bb35a4d23ac76b7bc7e128d37dfa"}
2022-02-20T11:30:26.134+0800	INFO	plugin/plugin_linux.go:68	plugin has been loaded
2022-02-20T11:32:32.006+0800	INFO	heartbeat/heartbeat.go:14	health daemon startup
2022-02-20T11:32:32.272+0800	INFO	plugin/plugin.go:107	cmd start	{"plugin": "collector", "pver": "1.0.0", "psign": "58f8bbd96123648bc7afb5e9ec799266f39508754af7f7f12a17cfc76f0b35ae"}
2022-02-20T11:32:32.289+0800	INFO	plugin/plugin_linux.go:68	plugin has been loaded
2022-02-20T11:33:06.616+0800	INFO	heartbeat/heartbeat.go:14	health daemon startup
2022-02-20T11:33:06.796+0800	INFO	plugin/plugin.go:107	cmd start	{"plugin": "collector", "pver": "1.0.0", "psign": "58f8bbd96123648bc7afb5e9ec799266f39508754af7f7f12a17cfc76f0b35ae"}
2022-02-20T11:33:06.798+0800	INFO	plugin/plugin_linux.go:68	plugin has been loaded
2022-02-20T11:36:09.416+0800	INFO	heartbeat/heartbeat.go:14	health daemon startup
2022-02-20T11:36:09.668+0800	INFO	plugin/plugin.go:107	cmd start	{"plugin": "collector", "pver": "1.0.0", "psign": "265d56ac215cb3c4e710ecc3f968194d1509463f4c5ba14e87c4f201850e10fa"}
2022-02-20T11:36:09.698+0800	INFO	plugin/plugin_linux.go:68	plugin has been loaded
2022-02-23T01:09:45.718+0800	ERROR	plugin/plugin.go:188	exit the receive task:EOF	{"plugin": "collector", "pver": "1.0.0", "psign": "265d56ac215cb3c4e710ecc3f968194d1509463f4c5ba14e87c4f201850e10fa"}
2022-02-24T18:27:45.453+0800	INFO	heartbeat/heartbeat.go:14	health daemon startup
2022-02-24T18:27:45.495+0800	INFO	plugin/plugin.go:108	cmd start	{"plugin": "collector", "pver": "1.0.0", "psign": "f40967180eccb9c28dcbe31d41303b24899ebf446bd0b46e1a9b0f7fe82c7051"}
2022-02-24T18:27:45.496+0800	INFO	plugin/plugin_linux.go:68	plugin has been loaded
2022-02-24T18:33:30.877+0800	INFO	heartbeat/heartbeat.go:14	health daemon startup
2022-02-24T18:33:30.914+0800	INFO	plugin/plugin.go:108	cmd start	{"plugin": "collector", "pver": "1.0.0", "psign": "0a150ab54ec7cfbbc867c1bd7a10485ce9b5b7ca49601e0d46e50394c3f30fae"}
2022-02-24T18:33:30.915+0800	INFO	plugin/plugin_linux.go:68	plugin has been loaded
2022-02-24T19:07:07.362+0800	INFO	heartbeat/heartbeat.go:14	health daemon startup
2022-02-24T19:07:07.398+0800	INFO	plugin/plugin.go:108	cmd start	{"plugin": "collector", "pver": "1.0.0", "psign": "cfb57bd34419d18a6744d6cf5fbef1ab68f4844b5cca75290f88f11f56775a8c"}
2022-02-24T19:07:07.403+0800	INFO	plugin/plugin_linux.go:68	plugin has been loaded
2022-02-24T19:13:47.206+0800	INFO	heartbeat/heartbeat.go:14	health daemon startup
2022-02-24T19:13:47.247+0800	INFO	plugin/plugin.go:108	cmd start	{"plugin": "collector", "pver": "1.0.0", "psign": "2ffa34765eda36d0a7d1044dab60d8e90537ac1044ff852469d16d40594a43be"}
2022-02-24T19:13:47.248+0800	INFO	plugin/plugin_linux.go:68	plugin has been loaded
2022-02-24T19:23:57.703+0800	INFO	heartbeat/heartbeat.go:14	health daemon startup
2022-02-24T19:23:57.744+0800	INFO	plugin/plugin.go:108	cmd start	{"plugin": "collector", "pver": "1.0.0", "psign": "6e7f3c0ff6e72e5e806c082f3675cec58135845c95d2c6d614915ea25fd28276"}
2022-02-24T19:23:57.745+0800	INFO	plugin/plugin_linux.go:68	plugin has been loaded
2022-02-24T19:25:10.316+0800	INFO	heartbeat/heartbeat.go:14	health daemon startup
2022-02-24T19:25:10.365+0800	INFO	plugin/plugin.go:108	cmd start	{"plugin": "collector", "pver": "1.0.0", "psign": "6e7f3c0ff6e72e5e806c082f3675cec58135845c95d2c6d614915ea25fd28276"}
2022-02-24T19:25:10.366+0800	INFO	plugin/plugin_linux.go:68	plugin has been loaded
